udacity/manifest-merger-release-report.txt
-- Merging decision tree log ---
manifest
ADDED from AndroidManifest.xml:2:1
	xmlns:android
		ADDED from AndroidManifest.xml:2:11
	package
		ADDED from AndroidManifest.xml:3:5
		INJECTED from AndroidManifest.xml:0:0
		INJECTED from AndroidManifest.xml:0:0
	android:versionName
		INJECTED from AndroidManifest.xml:0:0
		INJECTED from AndroidManifest.xml:0:0
	android:versionCode
		INJECTED from AndroidManifest.xml:0:0
		INJECTED from AndroidManifest.xml:0:0
uses-permission#android.permission.INTERNET
ADDED from AndroidManifest.xml:5:5
	android:name
		ADDED from AndroidManifest.xml:5:22
application
ADDED from AndroidManifest.xml:7:5
MERGED from com.android.support:appcompat-v7:22.0.0:22:5
MERGED from com.android.support:support-v4:22.0.0:22:5
MERGED from com.nhaarman.listviewanimations:lib-core:3.1.0:26:5
MERGED from com.nhaarman.listviewanimations:lib-manipulation:3.1.0:26:5
MERGED from com.nhaarman.listviewanimations:lib-core-slh:3.1.0:26:5
MERGED from com.android.support:support-v4:22.0.0:22:5
	android:label
		ADDED from AndroidManifest.xml:10:9
	android:allowBackup
		ADDED from AndroidManifest.xml:8:9
	android:icon
		ADDED from AndroidManifest.xml:9:9
	android:theme
		ADDED from AndroidManifest.xml:11:9
activity#com.eightblocksaway.android.practicepronunciation.view.MainActivity
ADDED from AndroidManifest.xml:12:9
	android:windowSoftInputMode
		ADDED from AndroidManifest.xml:15:13
	android:label
		ADDED from AndroidManifest.xml:14:13
	android:name
		ADDED from AndroidManifest.xml:13:13
	android:launchMode
		ADDED from AndroidManifest.xml:16:13
intent-filter#android.intent.action.MAIN+android.intent.category.LAUNCHER
ADDED from AndroidManifest.xml:17:13
action#android.intent.action.MAIN
ADDED from AndroidManifest.xml:18:17
	android:name
		ADDED from AndroidManifest.xml:18:25
category#android.intent.category.LAUNCHER
ADDED from AndroidManifest.xml:20:17
	android:name
		ADDED from AndroidManifest.xml:20:27
intent-filter#android.intent.action.SEND+android.intent.category.DEFAULT
ADDED from AndroidManifest.xml:22:13
action#android.intent.action.SEND
ADDED from AndroidManifest.xml:23:17
	android:name
		ADDED from AndroidManifest.xml:23:25
category#android.intent.category.DEFAULT
ADDED from AndroidManifest.xml:24:17
	android:name
		ADDED from AndroidManifest.xml:24:27
data
ADDED from AndroidManifest.xml:25:17
	android:mimeType
		ADDED from AndroidManifest.xml:25:23
provider#com.eightblocksaway.android.practicepronunciation.data.PronunciationProvider
ADDED from AndroidManifest.xml:29:9
	android:syncable
		ADDED from AndroidManifest.xml:33:13
	android:exported
		ADDED from AndroidManifest.xml:32:13
	android:authorities
		ADDED from AndroidManifest.xml:30:13
	android:name
		ADDED from AndroidManifest.xml:31:13
uses-sdk
INJECTED from AndroidManifest.xml:0:0 reason: use-sdk injection requested
MERGED from com.android.support:appcompat-v7:22.0.0:20:5
MERGED from com.android.support:support-v4:22.0.0:20:5
MERGED from com.nhaarman.listviewanimations:lib-core:3.1.0:22:5
MERGED from com.nhaarman.listviewanimations:lib-manipulation:3.1.0:22:5
MERGED from com.nhaarman.listviewanimations:lib-core-slh:3.1.0:22:5
MERGED from com.android.support:support-v4:22.0.0:20:5
	android:targetSdkVersion
		INJECTED from AndroidManifest.xml:0:0
		INJECTED from AndroidManifest.xml:0:0
	android:minSdkVersion
		INJECTED from AndroidManifest.xml:0:0
		INJECTED from AndroidManifest.xml:0:0
activity#com.nhaarman.listviewanimations.itemmanipulation.swipedismiss.SwipeTouchListenerTestActivity
ADDED from com.nhaarman.listviewanimations:lib-manipulation:3.1.0:27:9
	android:name
		ADDED from com.nhaarman.listviewanimations:lib-manipulation:3.1.0:27:19
activity#com.nhaarman.listviewanimations.itemmanipulation.dragdrop.DynamicListViewTestActivity
ADDED from com.nhaarman.listviewanimations:lib-manipulation:3.1.0:28:9
	android:name
		ADDED from com.nhaarman.listviewanimations:lib-manipulation:3.1.0:28:19